<?xml version="1.0" encoding="UTF-8"?>
<!-- Generated by org.testng.reporters.JUnitReportReporter -->
<testsuite skipped="0" hostname="QA1073" name="com.leafBot.testcases.TC001_LoginLogOut" tests="1" failures="0" timestamp="2022-11-27T10:45:28 IST" time="20.356" errors="0">
  <testcase name="createLeaf" time="20.356" classname="com.leafBot.testcases.TC001_LoginLogOut"/>
  <system-out/>
</testsuite> <!-- com.leafBot.testcases.TC001_LoginLogOut -->
