<?xml version="1.0" encoding="UTF-8"?>
<!-- Generated by org.testng.reporters.JUnitReportReporter -->
<testsuite skipped="0" hostname="QA1073" name="com.leafBot.testcases.TC003_LoginUsingCucumber" tests="1" failures="0" timestamp="2022-11-27T10:54:38 IST" time="19.366" errors="0">
  <testcase name="runScenario" time="19.366" classname="com.leafBot.testcases.TC003_LoginUsingCucumber"/>
  <system-out/>
</testsuite> <!-- com.leafBot.testcases.TC003_LoginUsingCucumber -->
